  CardTool.cpp
D:\Программы\VisualStudio\manchkin\manchkin\Deck.h(56,13): warning C4244: аргумент: преобразование "time_t" в "unsigned int", возможна потеря данных
D:\Программы\VisualStudio\manchkin\manchkin\Deck.h(57,21): warning C4018: <: несоответствие типов со знаком и без знака
D:\Программы\VisualStudio\manchkin\manchkin\Deck.h(65,13): warning C4244: аргумент: преобразование "time_t" в "unsigned int", возможна потеря данных
D:\Программы\VisualStudio\manchkin\manchkin\Deck.h(66,21): warning C4018: <: несоответствие типов со знаком и без знака
D:\Программы\VisualStudio\manchkin\manchkin\Player.h(47,21): warning C4018: <: несоответствие типов со знаком и без знака
D:\Программы\VisualStudio\manchkin\manchkin\Player.h(93,13): warning C4244: аргумент: преобразование "time_t" в "unsigned int", возможна потеря данных
  CardEnemy.cpp
D:\Программы\VisualStudio\manchkin\manchkin\Deck.h(56,13): warning C4244: аргумент: преобразование "time_t" в "unsigned int", возможна потеря данных
D:\Программы\VisualStudio\manchkin\manchkin\Deck.h(57,21): warning C4018: <: несоответствие типов со знаком и без знака
D:\Программы\VisualStudio\manchkin\manchkin\Deck.h(65,13): warning C4244: аргумент: преобразование "time_t" в "unsigned int", возможна потеря данных
D:\Программы\VisualStudio\manchkin\manchkin\Deck.h(66,21): warning C4018: <: несоответствие типов со знаком и без знака
D:\Программы\VisualStudio\manchkin\manchkin\Player.h(47,21): warning C4018: <: несоответствие типов со знаком и без знака
D:\Программы\VisualStudio\manchkin\manchkin\Player.h(93,13): warning C4244: аргумент: преобразование "time_t" в "unsigned int", возможна потеря данных
  manchkin.cpp
D:\Программы\VisualStudio\manchkin\manchkin\Deck.h(56,13): warning C4244: аргумент: преобразование "time_t" в "unsigned int", возможна потеря данных
D:\Программы\VisualStudio\manchkin\manchkin\Deck.h(57,21): warning C4018: <: несоответствие типов со знаком и без знака
D:\Программы\VisualStudio\manchkin\manchkin\Deck.h(65,13): warning C4244: аргумент: преобразование "time_t" в "unsigned int", возможна потеря данных
D:\Программы\VisualStudio\manchkin\manchkin\Deck.h(66,21): warning C4018: <: несоответствие типов со знаком и без знака
D:\Программы\VisualStudio\manchkin\manchkin\Player.h(47,21): warning C4018: <: несоответствие типов со знаком и без знака
D:\Программы\VisualStudio\manchkin\manchkin\Player.h(93,13): warning C4244: аргумент: преобразование "time_t" в "unsigned int", возможна потеря данных
D:\Программы\VisualStudio\manchkin\manchkin\manchkin.cpp(27,9): warning C4018: >: несоответствие типов со знаком и без знака
  Player.cpp
D:\Программы\VisualStudio\manchkin\manchkin\Deck.h(56,13): warning C4244: аргумент: преобразование "time_t" в "unsigned int", возможна потеря данных
D:\Программы\VisualStudio\manchkin\manchkin\Deck.h(57,21): warning C4018: <: несоответствие типов со знаком и без знака
D:\Программы\VisualStudio\manchkin\manchkin\Deck.h(65,13): warning C4244: аргумент: преобразование "time_t" в "unsigned int", возможна потеря данных
D:\Программы\VisualStudio\manchkin\manchkin\Deck.h(66,21): warning C4018: <: несоответствие типов со знаком и без знака
D:\Программы\VisualStudio\manchkin\manchkin\Player.h(47,21): warning C4018: <: несоответствие типов со знаком и без знака
D:\Программы\VisualStudio\manchkin\manchkin\Player.h(93,13): warning C4244: аргумент: преобразование "time_t" в "unsigned int", возможна потеря данных
  Создание кода...
  manchkin.vcxproj -> D:\Программы\VisualStudio\manchkin\Debug\manchkin.exe
